<?xml version="1.0" encoding="UTF-8"?>
<testsuite name="com.CheckPageTextTest" tests="1" skipped="0" failures="0" errors="0" timestamp="2026-05-07T11:34:03.279Z" hostname="ASHWRENUJNITIKA" time="0.563">
  <properties/>
  <testcase name="[Concordion Specification for 'CheckPageText']" classname="com.CheckPageTextTest" time="0.546"/>
  <system-out><![CDATA[DEBUG IP = http://127.0.0.1:8000/resilience
DEBUG FINAL IP = http://127.0.0.1:8000/resilience
DEBUG testPhrase = ENGINEERING
=== RESPONSE START ===
<!DOCTYPE html><html lang="en"><head>    <meta charset="UTF-8">    <meta name="viewport" content="width=device-width, initial-scale=1.0">    <title>Systematic Defence Blog</title>        <script type="module" src="http://[::1]:5173/@vite/client"></script><link rel="stylesheet" href="http://[::1]:5173/resources/css/app.css" /><script type="module" src="http://[::1]:5173/resources/js/app.js"></script><script id="browser-logger-active">(function() {    const ENDPOINT = 'http://127.0.0.1:8000/_boost/browser-logs';    const logQueue = [];    let flushTimeout = null;    console.log('ðŸ”? Browser logger active (MCP server detected). Posting to: ' + ENDPOINT);    // Store original console methods    const originalConsole = {        log: console.log,        info: console.info,        error: console.error,        warn: console.warn,        table: console.table    };    // Helper to safely stringify values    function safeStringify(obj) {        const seen = new WeakSet();        return JSON.stringify(obj, (key, value) => {            if (typeof value === 'object' && value !== null) {                if (seen.has(value)) return '[Circular]';                seen.add(value);            }            if (value instanceof Error) {                return {                    name: value.name,                    message: value.message,                    stack: value.stack                };            }            return value;        });    }    // Batch and send logs    function flushLogs() {        if (logQueue.length === 0) return;        const batch = logQueue.splice(0, logQueue.length);        fetch(ENDPOINT, {            method: 'POST',            headers: {                'Content-Type': 'application/json',                'X-Requested-With': 'XMLHttpRequest'            },            body: JSON.stringify({ logs: batch })        }).catch(err => {            // Silently fail to avoid infinite loops            originalConsole.error('Failed to send logs:', err);        });    }    // Debounced flush (100ms)    function scheduleFlush() {        if (flushTimeout) clearTimeout(flushTimeout);        flushTimeout = setTimeout(flushLogs, 100);    }    // Intercept console methods    ['log', 'info', 'error', 'warn', 'table'].forEach(method => {        console[method] = function(...args) {            // Call original method            originalConsole[method].apply(console, args);            // Capture log data            try {                logQueue.push({                    type: method,                    timestamp: new Date().toISOString(),                    data: args.map(arg => {                        try {                            return typeof arg === 'object' ? JSON.parse(safeStringify(arg)) : arg;                        } catch (e) {                            return String(arg);                        }                    }),                    url: window.location.href,                    userAgent: navigator.userAgent                });                scheduleFlush();            } catch (e) {                // Fail silently            }        };    });    // Global error handlers for uncaught errors    const originalOnError = window.onerror;    window.onerror = function boostErrorHandler(errorMsg, url, lineNumber, colNumber, error) {        try {            logQueue.push({                type: 'uncaught_error',                timestamp: new Date().toISOString(),                data: [{                    message: errorMsg,                    filename: url,                    lineno: lineNumber,                    colno: colNumber,                    error: error ? {                        name: error.name,                        message: error.message,                        stack: error.stack                    } : null                }],                url: window.location.href,                userAgent: navigator.userAgent            });            scheduleFlush();        } catch (e) {            // Fail silently        }        // Call original handler if it exists        if (originalOnError && typeof originalOnError === 'function') {            return originalOnError(errorMsg, url, lineNumber, colNumber, error);        }        // Let the error continue to propagate        return false;    }    window.addEventListener('error', (event) => {        try {            logQueue.push({                type: 'window_error',                timestamp: new Date().toISOString(),                data: [{                    message: event.message,                    filename: event.filename,                    lineno: event.lineno,                    colno: event.colno,                    error: event.error ? {                        name: event.error.name,                        message: event.error.message,                        stack: event.error.stack                    } : null                }],                url: window.location.href,                userAgent: navigator.userAgent            });            scheduleFlush();        } catch (e) {            // Fail silently        }        // Let the error continue to propagate        return false;    });    window.addEventListener('unhandledrejection', (event) => {        try {            logQueue.push({                type: 'error',                timestamp: new Date().toISOString(),                data: [{                    message: 'Unhandled Promise Rejection',                    reason: event.reason instanceof Error ? {                        name: event.reason.name,                        message: event.reason.message,                        stack: event.reason.stack                    } : event.reason                }],                url: window.location.href,                userAgent: navigator.userAgent            });            scheduleFlush();        } catch (e) {            // Fail silently        }        // Let the rejection continue to propagate        return false;    });    // Flush on page unload    window.addEventListener('beforeunload', () => {        if (logQueue.length > 0) {            navigator.sendBeacon(ENDPOINT, JSON.stringify({ logs: logQueue }));        }    });})();</script></head><body>        <main>            <h1>ENGINEERING IS ABOUT SUSTAINABLE DEVELOPMENT- SCIENCE AND TECHNOLOGY THAT HARMONISES BODY, MIND AND SOUL  - â€˜TEMPLATE FOR ENTRY INTO DEVSECOPS WITH TEST DRIVEN DEVELOPMENTâ€™     <br>==============================</h1><div class="auth-box-main">	<div style="text-align: center;">    <h2 id="11annexa">11.0 ANNEX C - JOURNAL ENTRY 02 MAY 2026: THE PENNY DROPS FOR FAMILY </h2><p><i id="mm8pennydrops" style="text-align: center;"> Item 8: The penny drops for my family.</i> <img src="http://127.0.0.1:8000/images/penny-drops.jpg" class="auth-img" alt="Journal entry Saturday 02 May 2026"></p></div><div class="auth-box-main">                <h2 id="12references">12.0 REFERENCES</h2>    <p style="text-align: left;">        1. Bogan, C.(2026).Very Brief History of Synthetic Media. Behind the AI MASK- Protecting your business from deepfakes. Published by John Wiley & Sons, Inc., Hoboken, New Jersey.        <br><br>2. His Holiness Radhanath Swami.(2025, Dec, 15).YouTube- Technology for the Soul | Radhanath Swami | Massachusetts Institute of Technology. https://youtu.be/UiL8zUp54ow?si=DTHKmBTDZ5GoomGd. Last  Accessed 26 March 2026.                   <br><br>3. His Holiness Radhanath Swami.(2019, Aug, 9). YouTube- Transforming Our Struggles Into Strength | His Holiness Radhanath Swami. https://www.youtube.com/watch?v=abmsniEmfh0. Last  Accessed 26 March 2026.                   <br><br>4. International Organization for Standardization (ISO)/ International Electrotechnical Commission (IEC)/ Institute of Electrical and Electrical Engineers (IEEE). (2021). ISO/IEC/IEEE 29119 6:2021(E): Software and systems engineering â€” Software testing â€” Part 6:  (all parts) in agile life cycles. Published by ISO.                   <br><br>5. O'Donnell, M. (2010). Trade Me: The inside story. Phantom House Books                    <br><br>6. Mendez II, M.(2025, Jul, 19).  Out.com - Barack Obama explains why he thinks all men need queer people in their lives. https://www.out.com/news/barack-obama-gay-friends.Last Accessed 05 April 2026.        <br><br>13. Obama, B. (2009, April, 06). United States Government- The White House President Barrack Obama- Remarks by the President at Cairo University, 6-04-09- REMARKS BY THE PRESIDENT ON A NEW BEGINNING. https://obamawhitehouse.archives.gov/the-press-office/remarks-president-cairo-university-6-04-09. Last Accessed 05 April 2026.                    <br><br>15. Robertson, J. N., Jones, P. W. (2022). New Zealand Film Commission | Te Tumu Whakaata Taonga -Whina. https://www.nzfilm.co.nz/films/whina. Last accessed 02 February 2026.                    <br><br>17. Hemi-Morehouse, S., Hill, D.(2025, August, 12). Mother of the Nation: Whina Cooper- Whina Cooper and the Long Walk for Justice. Published by Penguin Books.                    <br><br>19. Hemi-Morehouse, S., Hill, D.(2025, August, 12). Te Whaea o te Motu- Whina Cooper me te HÄ«koi roa mÅ? te Manatika. Translated into te reo MÄ?ori by Morrison, S. Published by Penguin Books.                    <br><br>11.0 BBC News.(2026, April, 4). AI Decoded - Episode 10: Are humans useless in the AI workspace?. https://www.bbc.co.uk/programmes/m002bc0j                <br><br>12.0 Rashid, R.(2026, March, 16). The Guardian- Oscars 2026- South Korea celebrates â€˜miracleâ€™ Oscar wins for KPop Demon Hunters. https://www.theguardian.com/film/2026/mar/16/kpop-demon-hunters-oscar-wins-golden-performance. Last Accessed: 30 April 2026                <br><br>13.0 Ansari, A. (1978). Kwaja Abdullah Ansari: The Invocations (Munajat) (W. M. Thackston, Trans.). Paulist Press. (Original work published c. 1088).                <br><br>14.0 Okoth-Obbo, V. (2020, August, 2). United Nations Development Programme (UNDP)- Home > Iraq > Stories > Six Years After Sinjar Massacre, Support and Services are Vital for Returning Yazidis.https://www.undp.org/iraq/stories/six-years-after-sinjar-massacre-support-and-services-are-vital-returning-yazidis. Last Accessed: 05 April 2026                <br><br>15.0 IEEE- Advancing Technology for Humanity. (2026). IEEE Code of Ethics. https://www.ieee.org/about/corporate/governance/p7-8. Last accessed 02 February 2026                <br><br>16.0  [Hindi Mahabharata] à¤¸à¤¾à¤¹à¤¿à¤¤à¥?à¤¯à¤¾à¤šà¤¾à¤°à¥?à¤¯ à¤ªà¤‚à¤¡à¤¿à¤¤ à¤°à¤¾à¤®à¤¨à¤¾à¤°à¤¾à¤¯à¤£ à¤¦à¤¤à¥?à¤¤ à¤¶à¤¾à¤¸à¥?à¤¤à¥?à¤°à¥€ à¤ªà¤¾à¤‚à¤¡à¥‡à¤¯ 'à¤°à¤¾à¤®'.(2024). à¤…à¤§à¥?à¤¯à¤¾à¤¯ 313 - à¤¯à¤•à¥?à¤· à¤”à¤° à¤¯à¥?à¤§à¤¿à¤·à¥?à¤ à¤¿à¤° à¤•à¤¾ à¤ªà¥?à¤°à¤¶à¥?à¤¨à¥‹à¤¤à¥?à¤¤à¤° à¤”à¤° à¤¯à¥?à¤§à¤¿à¤·à¥?à¤ à¤¿à¤° à¤•à¥‡ à¤‰à¤¤à¥?à¤¤à¤° à¤¸à¥‡ à¤¸à¤‚à¤¤à¥?à¤·à¥?à¤Ÿ à¤¹à¥?à¤? à¤¯à¤•à¥?à¤· à¤•à¤¾ à¤šà¤°à¤£à¥‹à¤‚ à¤­à¤¾à¤‡à¤¯à¥‹à¤‚ à¤•à¥‹ à¤œà¥€à¤µà¤¿à¤¤ à¤¹à¥‹à¤¨à¥‡ à¤•à¤¾ à¤µà¤°à¤¦à¤¾à¤¨ à¤¦à¥‡à¤¨à¤¾. à¤¶à¥?à¤°à¥€à¤®à¤¨ à¤®à¤¹à¤°à¥?à¤·à¤¿ à¤µà¥‡à¤¦à¤µà¥?à¤¯à¤¾à¤¸ à¤ªà¥?à¤°à¤£à¥€à¤¤ à¤®à¤¹à¤¾à¤­à¤¾à¤°à¤¤ (à¤¦à¥?à¤µà¤¿à¤¤à¥€à¤¯ à¤–à¤‚à¤¡) - à¤µà¤¨à¤ªà¤°à¥?à¤µ à¤”à¤° à¤µà¤¿à¤°à¤¾à¤Ÿà¤ªà¤°à¥?à¤µ, à¤¸à¤šà¤¿à¤¤à¥?à¤°, à¤¸à¤°à¤² à¤¹à¤¿à¤¨à¥?à¤¦à¥€-à¤…à¤¨à¥?à¤µà¤¾à¤¦à¤¸à¤¹à¤¿à¤¤. à¤ªà¥?à¤°à¤•à¤¾à¤¶à¤• à¤?à¤µà¤‚ à¤¬à¥?à¤¦à¥?à¤°à¤•- à¤—à¥€à¤¤à¤¾ à¤ªà¥?à¤°à¥‡à¤¸ à¤—à¥‹à¤°à¤–à¤ªà¥?à¤°, à¤—à¥‹à¤¬à¤¿à¤‚à¤¦à¤­à¤µà¤¨-à¤•à¤¾à¤°à¥?à¤¯à¤¾à¤²à¤¯, à¤•à¥‹à¤²à¤•à¤¾à¤¤à¤¾ à¤•à¤¾ à¤¸à¤‚à¤¸à¥?à¤¥à¤¾à¤¨à¤¾à¤¨ Code 33. à¤®à¥‚à¤² à¤¸à¤šà¥?à¤šà¥€ à¤•à¤¹à¤¾à¤¨à¥€ 3102 à¤ˆà¤¸à¤¾ à¤ªà¥‚à¤°à¥?à¤µ à¤®à¥‡à¤‚ à¤ªà¥?à¤°à¤•à¤¾à¤¶à¤¿à¤¤ à¤¹à¥?à¤ˆ (à¤¦à¥?à¤°à¤¿à¤•à¤ªà¤‚à¤šà¤¾à¤‚à¤— à¤•à¥‡ à¤…à¤¨à¥?à¤¸à¤¾à¤°)                 <br><br>17.0 Plato.(360 B.C.E). Book III. Massachusetts Institute of Technology Classics- The Republic. Translated by Jowett, B. https://classics.mit.edu/Plato/republic.4.iii.html . Last Accessed 9 April 2026                <br><br>18.0 Plato.(360 B.C.E). Book V. Massachusetts Institute of Technology Classics- The Republic. Translated by Jowett, B. https://classics.mit.edu/Plato/republic.6.v.html . Last Accessed 9 April 2026                <br><br>19.0 vedictreasure.official.(2025, April, 12). Instagram- Tabla master ustad Zakir Hussain speaks of his faith being devout muslim but worships bhagwan Ganesh and goddess Saraswati...Source: https://www.instagram.com/reel/DIWEwKzhKRv/. Last Accessed: 17 April 2026                 <br><br>20.0 Maâ€™u, E. (2026, April, 08). University of  Aucklnd- Home> News and opinion- Dementia rates pushed up by poverty, says expert. Source: https://www.auckland.ac.nz/en/news/2026/04/08/etuini-mau-poverty-linked-to-dementia-psychological-medicine.html. Last Accessed: 17 April 2026                <br><br>21.0  Das, R.(2006). ÅšrÄ«mad BhagavadgÄ«tÄ? SÄ?dhaka-SaÃ±jÄ«vanÄ« [with Appendix] Vol. I Commentary [With Sanskrit text, Transliteration and English Translation] (Translated into English by S. C. Vaishya) Revised by R.N. Kaul & Kesnoran Aggarwal. Published by Gita Press Gorakhpur.                <br><br>22.0 Craig, B. (2025, March 19). 5 years since COVID pandemic and start of Zoom meetings [Audio]. RNZ â€“ Checkpoint. https://www.rnz.co.nz/national/programmes/checkpoint/audio/2018979543/5-years-since-covid-pandemic-and-start-of-zoom-meetings. Last Accessed: 30 April 2026    </p>    <h2 id="13disclaimer">13.0 DISCLAIMER</h2>    <p style="text-align: left;">        This post is written in good faith, please forgive mistakes.        Also see my        <a href="https://www.facebook.com/story.php?story_fbid=122176707806768040&id=61573041203371&http_ref=eyJ0cyI6MTc3NjgxNzk2MjAwMCwiciI6IiJ9">            facebook blog        </a>    </p>    <p style="text-align: justify;">        <strong>Â© 2026 Jyotirmay Sarna. This work is original. Do not copy, repost, or use without permission.</strong>        See <a href="https://www.blog.systematicdefence.tech/license.html">Legal license</a>.    </p>        <form action="http://127.0.0.1:8000/comment" method="POST" style="text-align:center;">    <input type="hidden" name="_token" value="nyB7z5X2QcM02COTsCfYjeuYeFLo68WrE5v5cpX2" autocomplete="off">    <input type="hidden" name="source" value="resilience">    <label>Name</label><br>    <input type="text" name="name" value="" required><br><br>    <label>Comment</label><br>    <textarea name="comment" rows="4" required></textarea><br><br>    <div class="g-recaptcha" data-sitekey="6Lcn79QsAAAAAEyY__XtQYcfS0aCbMTCwUq3xA-c"></div><br>    <button type="submit">Post Comment</button></form>    <div class="comment-box">        <strong>test</strong><br>        <p>test</p>        <small>02-May-2026 11:35</small>    </div>    <hr><script src="https://www.google.com/recaptcha/api.js" async defer></script>	</div></div></body></html>    </main></body></html>
=== RESPONSE END ===

file://C:\Users\moose\git\blog-systematicdefence-tech\acceptance-tests\build\reports\spec\com\CheckPageText.html
Successes: 1, Failures: 0
]]></system-out>
  <system-err><![CDATA[]]></system-err>
</testsuite>
